<?xml version="1.0" encoding="UTF-8"?>
<!-- Generated by org.testng.reporters.JUnitXMLReporter -->
<testsuite ignored="0" hostname="DESKTOP-QHA9GQL" failures="1" tests="3" name="Surefire test" time="23.843" errors="0" timestamp="2026-04-28T23:28:52 IST">
  <testcase classname="LoginTest" name="emptyFields" time="1.264"/>
  <testcase classname="LoginTest" name="invalidPassword" time="0.473"/>
  <testcase classname="LoginTest" name="validLogin" time="0.462">
    <failure type="java.lang.AssertionError" message="expected [true] but found [false]">
      <![CDATA[java.lang.AssertionError: expected [true] but found [false]
at LoginTest.validLogin(LoginTest.java:25)
at java.base/java.util.ArrayList.forEach(ArrayList.java:1597)
... Removed 34 stack frames]]>
    </failure>
  </testcase> <!-- validLogin -->
</testsuite> <!-- Surefire test -->
