<?xml version="1.0" encoding="UTF-8"?>
<testng-results ignored="0" total="3" passed="3" failed="0" skipped="0">
  <reporter-output>
  </reporter-output>
  <suite started-at="2026-04-28T23:40:26 IST" name="Suite" finished-at="2026-04-28T23:40:46 IST" duration-ms="19692">
    <groups>
    </groups>
    <test started-at="2026-04-28T23:40:26 IST" name="LoginTest" finished-at="2026-04-28T23:40:46 IST" duration-ms="19692">
      <class name="LoginTest">
        <test-method is-config="true" signature="setup()[pri:0, instance:LoginTest@2a65fe7c]" started-at="2026-04-28T23:40:26 IST" name="setup" finished-at="2026-04-28T23:40:38 IST" duration-ms="11584" status="PASS">
          <reporter-output>
          </reporter-output>
        </test-method> <!-- setup -->
        <test-method signature="emptyFields()[pri:0, instance:LoginTest@2a65fe7c]" started-at="2026-04-28T23:40:38 IST" name="emptyFields" finished-at="2026-04-28T23:40:39 IST" duration-ms="1378" status="PASS">
          <reporter-output>
          </reporter-output>
        </test-method> <!-- emptyFields -->
        <test-method is-config="true" signature="clearFields()[pri:0, instance:LoginTest@2a65fe7c]" started-at="2026-04-28T23:40:39 IST" name="clearFields" finished-at="2026-04-28T23:40:39 IST" duration-ms="175" status="PASS">
          <reporter-output>
          </reporter-output>
        </test-method> <!-- clearFields -->
        <test-method signature="invalidPassword()[pri:0, instance:LoginTest@2a65fe7c]" started-at="2026-04-28T23:40:39 IST" name="invalidPassword" finished-at="2026-04-28T23:40:41 IST" duration-ms="1972" status="PASS">
          <reporter-output>
          </reporter-output>
        </test-method> <!-- invalidPassword -->
        <test-method is-config="true" signature="clearFields()[pri:0, instance:LoginTest@2a65fe7c]" started-at="2026-04-28T23:40:41 IST" name="clearFields" finished-at="2026-04-28T23:40:41 IST" duration-ms="207" status="PASS">
          <reporter-output>
          </reporter-output>
        </test-method> <!-- clearFields -->
        <test-method signature="validLogin()[pri:0, instance:LoginTest@2a65fe7c]" started-at="2026-04-28T23:40:41 IST" name="validLogin" finished-at="2026-04-28T23:40:43 IST" duration-ms="1361" status="PASS">
          <reporter-output>
          </reporter-output>
        </test-method> <!-- validLogin -->
        <test-method is-config="true" signature="clearFields()[pri:0, instance:LoginTest@2a65fe7c]" started-at="2026-04-28T23:40:43 IST" name="clearFields" finished-at="2026-04-28T23:40:43 IST" duration-ms="321" status="PASS">
          <reporter-output>
          </reporter-output>
        </test-method> <!-- clearFields -->
        <test-method is-config="true" signature="tearDown()[pri:0, instance:LoginTest@2a65fe7c]" started-at="2026-04-28T23:40:43 IST" name="tearDown" finished-at="2026-04-28T23:40:46 IST" duration-ms="2587" status="PASS">
          <reporter-output>
          </reporter-output>
        </test-method> <!-- tearDown -->
      </class> <!-- LoginTest -->
    </test> <!-- LoginTest -->
  </suite> <!-- Suite -->
</testng-results>
